
**********************************************
        EMAIL CLASSIFICATION                  
**********************************************
TOTAL TEST DOCUMENTS READ   260


*** CONFUSION MATRIX ***

    96.923%     3.077%
     1.538%    98.462%
--------------------------
OVERALL ACCURACY :97.692%
---------------------------


**********************************************
        NEWS CLASSIFICATION                   
**********************************************
TOTAL TEST DOCUMENTS READ   263


*** CONFUSION MATRIX ***

    97.059%     0.000%     0.000%     0.000%     2.941%     0.000%     0.000%     0.000%
     0.000%    84.848%     0.000%    12.121%     3.030%     0.000%     0.000%     0.000%
     0.000%     0.000%    97.222%     0.000%     0.000%     0.000%     0.000%     2.778%
     0.000%     0.000%     0.000%    89.286%     3.571%     0.000%     0.000%     7.143%
     2.128%     0.000%     0.000%     0.000%    97.872%     0.000%     0.000%     0.000%
     0.000%    40.000%     0.000%     0.000%    10.000%    40.000%     0.000%    10.000%
     0.000%     0.000%     0.000%     0.000%     0.000%     0.000%   100.000%     0.000%
     3.448%     3.448%     0.000%     6.897%     0.000%     0.000%     0.000%    86.207%
--------------------------
OVERALL ACCURACY :86.562%
---------------------------